<?xml version="1.0" encoding="UTF-8"?>
<testng-results skipped="0" failed="0" ignored="0" total="1" passed="1">
  <reporter-output>
    <line>
      <![CDATA[hiiiiiiiiii........]]>
    </line>
  </reporter-output>
  <suite name="Suite" duration-ms="64" started-at="2020-01-31T16:38:37 IST" finished-at="2020-01-31T16:38:37 IST">
    <groups>
    </groups>
    <test name="Test" duration-ms="64" started-at="2020-01-31T16:38:37 IST" finished-at="2020-01-31T16:38:37 IST">
      <class name="demomaven.demo">
        <test-method status="PASS" signature="testA()[pri:0, instance:demomaven.demo@4bec1f0c]" name="testA" duration-ms="8" started-at="2020-01-31T16:38:37 IST" finished-at="2020-01-31T16:38:37 IST">
          <reporter-output>
            <line>
              <![CDATA[hiiiiiiiiii........]]>
            </line>
          </reporter-output>
        </test-method> <!-- testA -->
      </class> <!-- demomaven.demo -->
    </test> <!-- Test -->
  </suite> <!-- Suite -->
</testng-results>
